c:\users\win10\source\repos\class_train\x64\debug\class_train.lib
c:\users\win10\source\repos\class_train\x64\debug\class_train.exp
c:\users\win10\source\repos\class_train\x64\debug\class_train.exe
c:\users\win10\source\repos\class_train\x64\debug\class_train.ilk
c:\users\win10\source\repos\class_train\x64\debug\class_train.pdb
c:\users\win10\source\repos\class_train\class_train\x64\debug\01_vecadd_small.cu.cache
c:\users\win10\source\repos\class_train\class_train\x64\debug\02_vecadd.cu.cache
c:\users\win10\source\repos\class_train\class_train\x64\debug\03_vecf.cu.cache
c:\users\win10\source\repos\class_train\class_train\x64\debug\bmm_main.cu.cache
c:\users\win10\source\repos\class_train\class_train\x64\debug\cuda_program_1.cu.cache
c:\users\win10\source\repos\class_train\class_train\x64\debug\cuda_program_2_mul.cu.cache
c:\users\win10\source\repos\class_train\class_train\x64\debug\cuda_program_3_reduce.cu.cache
c:\users\win10\source\repos\class_train\class_train\x64\debug\kernel.cu.cache
c:\users\win10\source\repos\class_train\class_train\x64\debug\01_vecadd_small.cu.obj
c:\users\win10\source\repos\class_train\class_train\x64\debug\02_vecadd.cu.obj
c:\users\win10\source\repos\class_train\class_train\x64\debug\03_vecf.cu.obj
c:\users\win10\source\repos\class_train\class_train\x64\debug\bmm_main.cu.obj
c:\users\win10\source\repos\class_train\class_train\x64\debug\cuda_program_1.cu.obj
c:\users\win10\source\repos\class_train\class_train\x64\debug\cuda_program_2_mul.cu.obj
c:\users\win10\source\repos\class_train\class_train\x64\debug\cuda_program_3_reduce.cu.obj
c:\users\win10\source\repos\class_train\class_train\x64\debug\kernel.cu.obj
c:\users\win10\source\repos\class_train\class_train\x64\debug\vc142.pdb
c:\users\win10\source\repos\class_train\class_train\x64\debug\class_train.tlog\class_train.write.1u.tlog
c:\users\win10\source\repos\class_train\class_train\x64\debug\class_train.tlog\cudacompile.read.1u.tlog
c:\users\win10\source\repos\class_train\class_train\x64\debug\class_train.tlog\cudacompile.write.1u.tlog
c:\users\win10\source\repos\class_train\class_train\x64\debug\class_train.tlog\link.command.1.tlog
c:\users\win10\source\repos\class_train\class_train\x64\debug\class_train.tlog\link.read.1.tlog
c:\users\win10\source\repos\class_train\class_train\x64\debug\class_train.tlog\link.write.1.tlog
